2025-03-27 09:31:35,081 [INFO] 🤖 Бот запущен!
2025-03-27 09:31:35,082 [INFO] Start polling
2025-03-27 09:31:35,173 [INFO] Run polling for bot @efbhfehb_2323_bot id=7821876298 - 'Бот'
2025-03-27 09:31:35,329 [INFO] select pg_catalog.version()
2025-03-27 09:31:35,329 [INFO] [raw sql] ()
2025-03-27 09:31:35,334 [INFO] select current_schema()
2025-03-27 09:31:35,334 [INFO] [raw sql] ()
2025-03-27 09:31:35,337 [INFO] show standard_conforming_strings
2025-03-27 09:31:35,337 [INFO] [raw sql] ()
2025-03-27 09:31:35,338 [INFO] BEGIN (implicit)
2025-03-27 09:31:35,345 [INFO] SELECT users.id, users.telegram_id, users.username, users.is_admin 
FROM users 
WHERE users.id = $1::BIGINT
2025-03-27 09:31:35,346 [INFO] [generated in 0.00020s] (864179107,)
2025-03-27 09:31:35,357 [INFO] ROLLBACK
2025-03-27 09:31:35,397 [INFO] Update id=178919804 is handled. Duration 176 ms by bot id=7821876298
2025-03-27 09:31:35,399 [INFO] Update id=178919799 is handled. Duration 181 ms by bot id=7821876298
2025-03-27 09:31:35,427 [INFO] Update id=178919801 is handled. Duration 208 ms by bot id=7821876298
2025-03-27 09:31:35,446 [INFO] Update id=178919800 is handled. Duration 227 ms by bot id=7821876298
2025-03-27 09:31:35,472 [INFO] Update id=178919802 is handled. Duration 253 ms by bot id=7821876298
2025-03-27 09:31:35,498 [INFO] Update id=178919805 is handled. Duration 278 ms by bot id=7821876298
2025-03-27 09:31:35,512 [INFO] Update id=178919806 is handled. Duration 243 ms by bot id=7821876298
2025-03-27 09:31:35,540 [INFO] Update id=178919803 is handled. Duration 321 ms by bot id=7821876298
2025-03-27 09:31:38,849 [INFO] Update id=178919807 is handled. Duration 120 ms by bot id=7821876298
2025-03-27 09:31:44,745 [INFO] Update id=178919808 is handled. Duration 138 ms by bot id=7821876298
2025-03-27 09:31:47,490 [INFO] BEGIN (implicit)
2025-03-27 09:31:47,492 [INFO] SELECT telegram_sessions.id, telegram_sessions.user_id, telegram_sessions.api_id, telegram_sessions.api_hash, telegram_sessions.session_file 
FROM telegram_sessions 
WHERE telegram_sessions.user_id = $1::BIGINT
2025-03-27 09:31:47,492 [INFO] [generated in 0.00023s] (864179107,)
2025-03-27 09:31:47,496 [INFO] ROLLBACK
2025-03-27 09:31:47,503 [INFO] Connecting to 91.108.56.159:443/TcpFull...
2025-03-27 09:31:47,681 [INFO] Connection to 91.108.56.159:443/TcpFull complete!
2025-03-27 09:31:48,664 [INFO] Disconnecting from 91.108.56.159:443/TcpFull...
2025-03-27 09:31:48,664 [INFO] Disconnection from 91.108.56.159:443/TcpFull complete!
2025-03-27 09:31:48,723 [INFO] Update id=178919809 is handled. Duration 1235 ms by bot id=7821876298
2025-03-27 09:31:54,931 [INFO] BEGIN (implicit)
2025-03-27 09:31:54,932 [INFO] SELECT telegram_sessions.id, telegram_sessions.user_id, telegram_sessions.api_id, telegram_sessions.api_hash, telegram_sessions.session_file 
FROM telegram_sessions 
WHERE telegram_sessions.user_id = $1::BIGINT AND telegram_sessions.session_file = $2::VARCHAR
2025-03-27 09:31:54,932 [INFO] [generated in 0.00020s] (864179107, '601161423915.session')
2025-03-27 09:31:54,943 [INFO] DELETE FROM telegram_sessions WHERE telegram_sessions.id = $1::BIGINT
2025-03-27 09:31:54,943 [INFO] [generated in 0.00025s] (2,)
2025-03-27 09:31:54,946 [INFO] COMMIT
2025-03-27 09:31:55,034 [INFO] Update id=178919810 is handled. Duration 105 ms by bot id=7821876298
2025-03-27 09:32:47,138 [INFO] Update id=178919811 is handled. Duration 59 ms by bot id=7821876298
2025-03-27 09:32:47,985 [INFO] BEGIN (implicit)
2025-03-27 09:32:47,985 [INFO] SELECT users.id, users.telegram_id, users.username, users.is_admin 
FROM users 
WHERE users.id = $1::BIGINT
2025-03-27 09:32:47,985 [INFO] [cached since 72.64s ago] (721713059,)
2025-03-27 09:32:47,987 [INFO] ROLLBACK
2025-03-27 09:32:48,042 [INFO] Update id=178919812 is handled. Duration 58 ms by bot id=7821876298
2025-03-27 09:32:49,844 [INFO] Update id=178919813 is handled. Duration 98 ms by bot id=7821876298
2025-03-27 09:32:50,643 [INFO] BEGIN (implicit)
2025-03-27 09:32:50,643 [INFO] SELECT telegram_sessions.id, telegram_sessions.user_id, telegram_sessions.api_id, telegram_sessions.api_hash, telegram_sessions.session_file 
FROM telegram_sessions 
WHERE telegram_sessions.user_id = $1::BIGINT
2025-03-27 09:32:50,643 [INFO] [cached since 63.15s ago] (721713059,)
2025-03-27 09:32:50,644 [INFO] ROLLBACK
2025-03-27 09:32:50,646 [INFO] Connecting to 149.154.167.51:443/TcpFull...
2025-03-27 09:32:50,671 [INFO] Connection to 149.154.167.51:443/TcpFull complete!
2025-03-27 09:32:50,951 [INFO] Disconnecting from 149.154.167.51:443/TcpFull...
2025-03-27 09:32:50,952 [INFO] Disconnection from 149.154.167.51:443/TcpFull complete!
2025-03-27 09:32:51,137 [INFO] Update id=178919814 is handled. Duration 497 ms by bot id=7821876298
2025-03-27 09:33:01,886 [INFO] Update id=178919815 is handled. Duration 75 ms by bot id=7821876298
2025-03-27 09:33:04,884 [INFO] Update id=178919816 is handled. Duration 58 ms by bot id=7821876298
2025-03-27 09:33:12,113 [INFO] Update id=178919817 is handled. Duration 145 ms by bot id=7821876298
2025-03-27 09:33:16,033 [INFO] Update id=178919818 is handled. Duration 145 ms by bot id=7821876298
2025-03-27 09:33:18,564 [INFO] Update id=178919819 is handled. Duration 90 ms by bot id=7821876298
2025-03-27 09:33:20,885 [INFO] Update id=178919820 is handled. Duration 52 ms by bot id=7821876298
2025-03-27 09:33:23,187 [INFO] Update id=178919821 is handled. Duration 50 ms by bot id=7821876298
2025-03-27 09:34:21,920 [INFO] Update id=178919822 is handled. Duration 125 ms by bot id=7821876298
2025-03-27 09:34:38,164 [INFO] Update id=178919823 is handled. Duration 59 ms by bot id=7821876298
2025-03-27 09:34:40,479 [INFO] Update id=178919824 is handled. Duration 119 ms by bot id=7821876298
2025-03-27 09:35:11,357 [INFO] Update id=178919825 is handled. Duration 123 ms by bot id=7821876298
2025-03-27 09:35:12,746 [INFO] Update id=178919826 is handled. Duration 97 ms by bot id=7821876298
2025-03-27 09:35:15,231 [INFO] Update id=178919827 is handled. Duration 78 ms by bot id=7821876298
2025-03-27 09:35:18,074 [INFO] Update id=178919828 is handled. Duration 67 ms by bot id=7821876298
2025-03-27 09:35:19,674 [INFO] Update id=178919829 is handled. Duration 57 ms by bot id=7821876298
2025-03-27 09:35:22,851 [INFO] Update id=178919830 is handled. Duration 55 ms by bot id=7821876298
2025-03-27 09:35:30,295 [INFO] BEGIN (implicit)
2025-03-27 09:35:30,296 [INFO] SELECT telegram_sessions.id, telegram_sessions.user_id, telegram_sessions.api_id, telegram_sessions.api_hash, telegram_sessions.session_file 
FROM telegram_sessions
2025-03-27 09:35:30,296 [INFO] [generated in 0.00017s] ()
2025-03-27 09:35:30,304 [INFO] Connecting to 149.154.167.51:443/TcpFull...
2025-03-27 09:35:30,329 [INFO] Connection to 149.154.167.51:443/TcpFull complete!
2025-03-27 09:35:30,620 [INFO] Disconnecting from 149.154.167.51:443/TcpFull...
2025-03-27 09:35:30,620 [INFO] Disconnection from 149.154.167.51:443/TcpFull complete!
2025-03-27 09:36:30,627 [INFO] ROLLBACK
2025-03-27 09:36:30,741 [INFO] Подписка завершена: 0 успешных, 1 ошибок
2025-03-27 09:36:30,804 [INFO] Update id=178919831 is handled. Duration 60561 ms by bot id=7821876298
2025-03-27 09:38:36,061 [INFO] Update id=178919832 is handled. Duration 55 ms by bot id=7821876298
2025-03-27 09:38:39,414 [INFO] Update id=178919833 is not handled. Duration 3 ms by bot id=7821876298
2025-03-27 09:38:39,414 [ERROR] Cause exception while process update id=178919833 by bot id=7821876298
TypeError: check_subscription() takes 1 positional argument but 2 were given
Traceback (most recent call last):
  File "/home/ubuntu/.local/lib/python3.12/site-packages/aiogram/dispatcher/dispatcher.py", line 309, in _process_update
    response = await self.feed_update(bot, update, **kwargs)
               ^^^^^^^^^^^^^^^^^^^^^^^^^^^^^^^^^^^^^^^^^^^^^
  File "/home/ubuntu/.local/lib/python3.12/site-packages/aiogram/dispatcher/dispatcher.py", line 158, in feed_update
    response = await self.update.wrap_outer_middleware(
               ^^^^^^^^^^^^^^^^^^^^^^^^^^^^^^^^^^^^^^^^
  File "/home/ubuntu/.local/lib/python3.12/site-packages/aiogram/dispatcher/middlewares/error.py", line 25, in __call__
    return await handler(event, data)
           ^^^^^^^^^^^^^^^^^^^^^^^^^^
  File "/home/ubuntu/.local/lib/python3.12/site-packages/aiogram/dispatcher/middlewares/user_context.py", line 56, in __call__
    return await handler(event, data)
           ^^^^^^^^^^^^^^^^^^^^^^^^^^
  File "/home/ubuntu/.local/lib/python3.12/site-packages/aiogram/fsm/middleware.py", line 42, in __call__
    return await handler(event, data)
           ^^^^^^^^^^^^^^^^^^^^^^^^^^
  File "/home/ubuntu/.local/lib/python3.12/site-packages/aiogram/dispatcher/event/telegram.py", line 121, in trigger
    return await wrapped_inner(event, kwargs)
           ^^^^^^^^^^^^^^^^^^^^^^^^^^^^^^^^^^
  File "/home/ubuntu/.local/lib/python3.12/site-packages/aiogram/dispatcher/event/handler.py", line 43, in call
    return await wrapped()
           ^^^^^^^^^^^^^^^
  File "/home/ubuntu/.local/lib/python3.12/site-packages/aiogram/dispatcher/dispatcher.py", line 276, in _listen_update
    return await self.propagate_event(update_type=update_type, event=event, **kwargs)
           ^^^^^^^^^^^^^^^^^^^^^^^^^^^^^^^^^^^^^^^^^^^^^^^^^^^^^^^^^^^^^^^^^^^^^^^^^^
  File "/home/ubuntu/.local/lib/python3.12/site-packages/aiogram/dispatcher/router.py", line 146, in propagate_event
    return await observer.wrap_outer_middleware(_wrapped, event=event, data=kwargs)
           ^^^^^^^^^^^^^^^^^^^^^^^^^^^^^^^^^^^^^^^^^^^^^^^^^^^^^^^^^^^^^^^^^^^^^^^^
  File "/home/ubuntu/.local/lib/python3.12/site-packages/aiogram/dispatcher/router.py", line 141, in _wrapped
    return await self._propagate_event(
           ^^^^^^^^^^^^^^^^^^^^^^^^^^^^
  File "/home/ubuntu/.local/lib/python3.12/site-packages/aiogram/dispatcher/router.py", line 174, in _propagate_event
    response = await router.propagate_event(update_type=update_type, event=event, **kwargs)
               ^^^^^^^^^^^^^^^^^^^^^^^^^^^^^^^^^^^^^^^^^^^^^^^^^^^^^^^^^^^^^^^^^^^^^^^^^^^^
  File "/home/ubuntu/.local/lib/python3.12/site-packages/aiogram/dispatcher/router.py", line 146, in propagate_event
    return await observer.wrap_outer_middleware(_wrapped, event=event, data=kwargs)
           ^^^^^^^^^^^^^^^^^^^^^^^^^^^^^^^^^^^^^^^^^^^^^^^^^^^^^^^^^^^^^^^^^^^^^^^^
  File "/home/ubuntu/.local/lib/python3.12/site-packages/aiogram/dispatcher/router.py", line 141, in _wrapped
    return await self._propagate_event(
           ^^^^^^^^^^^^^^^^^^^^^^^^^^^^
  File "/home/ubuntu/.local/lib/python3.12/site-packages/aiogram/dispatcher/router.py", line 166, in _propagate_event
    response = await observer.trigger(event, **kwargs)
               ^^^^^^^^^^^^^^^^^^^^^^^^^^^^^^^^^^^^^^^
  File "/home/ubuntu/.local/lib/python3.12/site-packages/aiogram/dispatcher/event/telegram.py", line 121, in trigger
    return await wrapped_inner(event, kwargs)
           ^^^^^^^^^^^^^^^^^^^^^^^^^^^^^^^^^^
  File "/home/ubuntu/.local/lib/python3.12/site-packages/aiogram/dispatcher/event/handler.py", line 43, in call
    return await wrapped()
           ^^^^^^^^^^^^^^^
  File "/home/ubuntu/TelegramBot/bot/handlers.py", line 245, in process_check_subscription
    await check_subscription(message, group_link)
          ^^^^^^^^^^^^^^^^^^^^^^^^^^^^^^^^^^^^^^^
TypeError: check_subscription() takes 1 positional argument but 2 were given
2025-03-27 09:40:54,000 [INFO] Update id=178919834 is handled. Duration 53 ms by bot id=7821876298
2025-03-27 09:40:55,122 [INFO] BEGIN (implicit)
2025-03-27 09:40:55,123 [INFO] SELECT users.id, users.telegram_id, users.username, users.is_admin 
FROM users 
WHERE users.id = $1::BIGINT
2025-03-27 09:40:55,123 [INFO] [cached since 559.8s ago] (864179107,)
2025-03-27 09:40:55,125 [INFO] ROLLBACK
2025-03-27 09:40:55,171 [INFO] Update id=178919835 is handled. Duration 49 ms by bot id=7821876298
2025-03-27 09:40:57,600 [INFO] Update id=178919836 is handled. Duration 48 ms by bot id=7821876298
2025-03-27 09:41:13,533 [INFO] Update id=178919837 is handled. Duration 50 ms by bot id=7821876298
2025-03-27 09:41:18,462 [INFO] Update id=178919838 is handled. Duration 56 ms by bot id=7821876298
2025-03-27 09:41:22,044 [INFO] Update id=178919839 is not handled. Duration 8 ms by bot id=7821876298
2025-03-27 09:41:22,045 [ERROR] Cause exception while process update id=178919839 by bot id=7821876298
TypeError: start_spam() takes 1 positional argument but 2 were given
Traceback (most recent call last):
  File "/home/ubuntu/.local/lib/python3.12/site-packages/aiogram/dispatcher/dispatcher.py", line 309, in _process_update
    response = await self.feed_update(bot, update, **kwargs)
               ^^^^^^^^^^^^^^^^^^^^^^^^^^^^^^^^^^^^^^^^^^^^^
  File "/home/ubuntu/.local/lib/python3.12/site-packages/aiogram/dispatcher/dispatcher.py", line 158, in feed_update
    response = await self.update.wrap_outer_middleware(
               ^^^^^^^^^^^^^^^^^^^^^^^^^^^^^^^^^^^^^^^^
  File "/home/ubuntu/.local/lib/python3.12/site-packages/aiogram/dispatcher/middlewares/error.py", line 25, in __call__
    return await handler(event, data)
           ^^^^^^^^^^^^^^^^^^^^^^^^^^
  File "/home/ubuntu/.local/lib/python3.12/site-packages/aiogram/dispatcher/middlewares/user_context.py", line 56, in __call__
    return await handler(event, data)
           ^^^^^^^^^^^^^^^^^^^^^^^^^^
  File "/home/ubuntu/.local/lib/python3.12/site-packages/aiogram/fsm/middleware.py", line 42, in __call__
    return await handler(event, data)
           ^^^^^^^^^^^^^^^^^^^^^^^^^^
  File "/home/ubuntu/.local/lib/python3.12/site-packages/aiogram/dispatcher/event/telegram.py", line 121, in trigger
    return await wrapped_inner(event, kwargs)
           ^^^^^^^^^^^^^^^^^^^^^^^^^^^^^^^^^^
  File "/home/ubuntu/.local/lib/python3.12/site-packages/aiogram/dispatcher/event/handler.py", line 43, in call
    return await wrapped()
           ^^^^^^^^^^^^^^^
  File "/home/ubuntu/.local/lib/python3.12/site-packages/aiogram/dispatcher/dispatcher.py", line 276, in _listen_update
    return await self.propagate_event(update_type=update_type, event=event, **kwargs)
           ^^^^^^^^^^^^^^^^^^^^^^^^^^^^^^^^^^^^^^^^^^^^^^^^^^^^^^^^^^^^^^^^^^^^^^^^^^
  File "/home/ubuntu/.local/lib/python3.12/site-packages/aiogram/dispatcher/router.py", line 146, in propagate_event
    return await observer.wrap_outer_middleware(_wrapped, event=event, data=kwargs)
           ^^^^^^^^^^^^^^^^^^^^^^^^^^^^^^^^^^^^^^^^^^^^^^^^^^^^^^^^^^^^^^^^^^^^^^^^
  File "/home/ubuntu/.local/lib/python3.12/site-packages/aiogram/dispatcher/router.py", line 141, in _wrapped
    return await self._propagate_event(
           ^^^^^^^^^^^^^^^^^^^^^^^^^^^^
  File "/home/ubuntu/.local/lib/python3.12/site-packages/aiogram/dispatcher/router.py", line 174, in _propagate_event
    response = await router.propagate_event(update_type=update_type, event=event, **kwargs)
               ^^^^^^^^^^^^^^^^^^^^^^^^^^^^^^^^^^^^^^^^^^^^^^^^^^^^^^^^^^^^^^^^^^^^^^^^^^^^
  File "/home/ubuntu/.local/lib/python3.12/site-packages/aiogram/dispatcher/router.py", line 146, in propagate_event
    return await observer.wrap_outer_middleware(_wrapped, event=event, data=kwargs)
           ^^^^^^^^^^^^^^^^^^^^^^^^^^^^^^^^^^^^^^^^^^^^^^^^^^^^^^^^^^^^^^^^^^^^^^^^
  File "/home/ubuntu/.local/lib/python3.12/site-packages/aiogram/dispatcher/router.py", line 141, in _wrapped
    return await self._propagate_event(
           ^^^^^^^^^^^^^^^^^^^^^^^^^^^^
  File "/home/ubuntu/.local/lib/python3.12/site-packages/aiogram/dispatcher/router.py", line 166, in _propagate_event
    response = await observer.trigger(event, **kwargs)
               ^^^^^^^^^^^^^^^^^^^^^^^^^^^^^^^^^^^^^^^
  File "/home/ubuntu/.local/lib/python3.12/site-packages/aiogram/dispatcher/event/telegram.py", line 121, in trigger
    return await wrapped_inner(event, kwargs)
           ^^^^^^^^^^^^^^^^^^^^^^^^^^^^^^^^^^
  File "/home/ubuntu/.local/lib/python3.12/site-packages/aiogram/dispatcher/event/handler.py", line 43, in call
    return await wrapped()
           ^^^^^^^^^^^^^^^
  File "/home/ubuntu/TelegramBot/bot/handlers.py", line 250, in process_spam_message
    await start_spam(message, message.text.strip())
          ^^^^^^^^^^^^^^^^^^^^^^^^^^^^^^^^^^^^^^^^^
TypeError: start_spam() takes 1 positional argument but 2 were given
2025-03-27 09:41:31,073 [INFO] Update id=178919840 is handled. Duration 86 ms by bot id=7821876298
2025-03-27 09:49:43,765 [INFO] Update id=178919841 is handled. Duration 89 ms by bot id=7821876298
2025-03-27 09:49:46,103 [INFO] BEGIN (implicit)
2025-03-27 09:49:46,103 [INFO] SELECT users.id, users.telegram_id, users.username, users.is_admin 
FROM users 
WHERE users.id = $1::BIGINT
2025-03-27 09:49:46,103 [INFO] [cached since 1091s ago] (864179107,)
2025-03-27 09:49:46,106 [INFO] ROLLBACK
2025-03-27 09:49:46,195 [INFO] Update id=178919842 is handled. Duration 93 ms by bot id=7821876298
2025-03-27 09:50:02,371 [INFO] Update id=178919843 is handled. Duration 50 ms by bot id=7821876298
2025-03-27 09:50:07,354 [INFO] Update id=178919844 is handled. Duration 201 ms by bot id=7821876298
2025-03-27 09:50:14,787 [INFO] Update id=178919845 is handled. Duration 46 ms by bot id=7821876298
2025-03-27 09:50:17,638 [INFO] BEGIN (implicit)
2025-03-27 09:50:17,639 [INFO] SELECT users.id, users.telegram_id, users.username, users.is_admin 
FROM users 
WHERE users.id = $1::BIGINT
2025-03-27 09:50:17,639 [INFO] [cached since 1122s ago] (864179107,)
2025-03-27 09:50:17,641 [INFO] ROLLBACK
2025-03-27 09:50:17,690 [INFO] Update id=178919846 is handled. Duration 52 ms by bot id=7821876298
2025-03-27 09:50:24,396 [INFO] Update id=178919847 is handled. Duration 64 ms by bot id=7821876298
2025-03-27 09:50:33,315 [INFO] Update id=178919848 is handled. Duration 51 ms by bot id=7821876298
